[2018-07-09 15:39:23] laravel.EMERGENCY: Unable to create configured logger. Using emergency logger. {"exception":"[object] (InvalidArgumentException(code: 0): Log [] is not defined. at /home/vagrant/code/myweb/vendor/laravel/framework/src/Illuminate/Log/LogManager.php:181)
[stacktrace]
#0 /home/vagrant/code/myweb/vendor/laravel/framework/src/Illuminate/Log/LogManager.php(115): Illuminate\\Log\\LogManager->resolve(NULL)
#1 /home/vagrant/code/myweb/vendor/laravel/framework/src/Illuminate/Log/LogManager.php(103): Illuminate\\Log\\LogManager->get(NULL)
#2 /home/vagrant/code/myweb/vendor/laravel/framework/src/Illuminate/Log/LogManager.php(526): Illuminate\\Log\\LogManager->driver()
#3 /home/vagrant/code/myweb/vendor/laravel/framework/src/Illuminate/Foundation/Exceptions/Handler.php(113): Illuminate\\Log\\LogManager->error('Undefined const...', Array)
#4 /home/vagrant/code/myweb/app/Exceptions/Handler.php(42): Illuminate\\Foundation\\Exceptions\\Handler->report(Object(Symfony\\Component\\Debug\\Exception\\FatalThrowableError))
#5 /home/vagrant/code/myweb/vendor/laravel/framework/src/Illuminate/Foundation/Console/Kernel.php(353): App\\Exceptions\\Handler->report(Object(Symfony\\Component\\Debug\\Exception\\FatalThrowableError))
#6 /home/vagrant/code/myweb/vendor/laravel/framework/src/Illuminate/Foundation/Console/Kernel.php(132): Illuminate\\Foundation\\Console\\Kernel->reportException(Object(Symfony\\Component\\Debug\\Exception\\FatalThrowableError))
#7 /home/vagrant/code/myweb/artisan(37): Illuminate\\Foundation\\Console\\Kernel->handle(Object(Symfony\\Component\\Console\\Input\\ArgvInput), Object(Symfony\\Component\\Console\\Output\\ConsoleOutput))
#8 {main}
"} 
[2018-07-09 15:39:23] laravel.ERROR: Undefined constant 'Stevenyangecho\UEditor\UEditorServiceProvider' {"exception":"[object] (Symfony\\Component\\Debug\\Exception\\FatalThrowableError(code: 0): Undefined constant 'Stevenyangecho\\UEditor\\UEditorServiceProvider' at /home/vagrant/code/myweb/config/app.php:166)
[stacktrace]
#0 /home/vagrant/code/myweb/vendor/laravel/framework/src/Illuminate/Foundation/Bootstrap/LoadConfiguration.php(71): require()
#1 /home/vagrant/code/myweb/vendor/laravel/framework/src/Illuminate/Foundation/Bootstrap/LoadConfiguration.php(39): Illuminate\\Foundation\\Bootstrap\\LoadConfiguration->loadConfigurationFiles(Object(Illuminate\\Foundation\\Application), Object(Illuminate\\Config\\Repository))
#2 /home/vagrant/code/myweb/vendor/laravel/framework/src/Illuminate/Foundation/Application.php(206): Illuminate\\Foundation\\Bootstrap\\LoadConfiguration->bootstrap(Object(Illuminate\\Foundation\\Application))
#3 /home/vagrant/code/myweb/vendor/laravel/framework/src/Illuminate/Foundation/Console/Kernel.php(297): Illuminate\\Foundation\\Application->bootstrapWith(Array)
#4 /home/vagrant/code/myweb/vendor/laravel/framework/src/Illuminate/Foundation/Console/Kernel.php(120): Illuminate\\Foundation\\Console\\Kernel->bootstrap()
#5 /home/vagrant/code/myweb/artisan(37): Illuminate\\Foundation\\Console\\Kernel->handle(Object(Symfony\\Component\\Console\\Input\\ArgvInput), Object(Symfony\\Component\\Console\\Output\\ConsoleOutput))
#6 {main}
"} 
[2018-07-09 15:40:54] laravel.EMERGENCY: Unable to create configured logger. Using emergency logger. {"exception":"[object] (InvalidArgumentException(code: 0): Log [] is not defined. at /home/vagrant/code/myweb/vendor/laravel/framework/src/Illuminate/Log/LogManager.php:181)
[stacktrace]
#0 /home/vagrant/code/myweb/vendor/laravel/framework/src/Illuminate/Log/LogManager.php(115): Illuminate\\Log\\LogManager->resolve(NULL)
#1 /home/vagrant/code/myweb/vendor/laravel/framework/src/Illuminate/Log/LogManager.php(103): Illuminate\\Log\\LogManager->get(NULL)
#2 /home/vagrant/code/myweb/vendor/laravel/framework/src/Illuminate/Log/LogManager.php(526): Illuminate\\Log\\LogManager->driver()
#3 /home/vagrant/code/myweb/vendor/laravel/framework/src/Illuminate/Foundation/Exceptions/Handler.php(113): Illuminate\\Log\\LogManager->error('Undefined const...', Array)
#4 /home/vagrant/code/myweb/app/Exceptions/Handler.php(42): Illuminate\\Foundation\\Exceptions\\Handler->report(Object(Symfony\\Component\\Debug\\Exception\\FatalThrowableError))
#5 /home/vagrant/code/myweb/vendor/laravel/framework/src/Illuminate/Foundation/Console/Kernel.php(353): App\\Exceptions\\Handler->report(Object(Symfony\\Component\\Debug\\Exception\\FatalThrowableError))
#6 /home/vagrant/code/myweb/vendor/laravel/framework/src/Illuminate/Foundation/Console/Kernel.php(132): Illuminate\\Foundation\\Console\\Kernel->reportException(Object(Symfony\\Component\\Debug\\Exception\\FatalThrowableError))
#7 /home/vagrant/code/myweb/artisan(37): Illuminate\\Foundation\\Console\\Kernel->handle(Object(Symfony\\Component\\Console\\Input\\ArgvInput), Object(Symfony\\Component\\Console\\Output\\ConsoleOutput))
#8 {main}
"} 
[2018-07-09 15:40:54] laravel.ERROR: Undefined constant 'Stevenyangecho\UEditor\UEditorServiceProvider' {"exception":"[object] (Symfony\\Component\\Debug\\Exception\\FatalThrowableError(code: 0): Undefined constant 'Stevenyangecho\\UEditor\\UEditorServiceProvider' at /home/vagrant/code/myweb/config/app.php:166)
[stacktrace]
#0 /home/vagrant/code/myweb/vendor/laravel/framework/src/Illuminate/Foundation/Bootstrap/LoadConfiguration.php(71): require()
#1 /home/vagrant/code/myweb/vendor/laravel/framework/src/Illuminate/Foundation/Bootstrap/LoadConfiguration.php(39): Illuminate\\Foundation\\Bootstrap\\LoadConfiguration->loadConfigurationFiles(Object(Illuminate\\Foundation\\Application), Object(Illuminate\\Config\\Repository))
#2 /home/vagrant/code/myweb/vendor/laravel/framework/src/Illuminate/Foundation/Application.php(206): Illuminate\\Foundation\\Bootstrap\\LoadConfiguration->bootstrap(Object(Illuminate\\Foundation\\Application))
#3 /home/vagrant/code/myweb/vendor/laravel/framework/src/Illuminate/Foundation/Console/Kernel.php(297): Illuminate\\Foundation\\Application->bootstrapWith(Array)
#4 /home/vagrant/code/myweb/vendor/laravel/framework/src/Illuminate/Foundation/Console/Kernel.php(120): Illuminate\\Foundation\\Console\\Kernel->bootstrap()
#5 /home/vagrant/code/myweb/artisan(37): Illuminate\\Foundation\\Console\\Kernel->handle(Object(Symfony\\Component\\Console\\Input\\ArgvInput), Object(Symfony\\Component\\Console\\Output\\ConsoleOutput))
#6 {main}
"} 
